<?xml version="1.0" encoding="UTF-8"?>
<!-- Generated by org.testng.reporters.JUnitReportReporter -->
<testsuite hostname="XPS13" failures="0" tests="1" name="example.LoginTest" time="4.299" errors="0" timestamp="2020-11-11T23:35:31 EST" skipped="0">
  <testcase classname="example.LoginTest" name="verifyHomepageTitle" time="4.299"/>
  <system-out/>
</testsuite> <!-- example.LoginTest -->
